[debug] [2021-08-21T21:23:41.245Z] ----------------------------------------------------------------------
[debug] [2021-08-21T21:23:41.249Z] Command:       C:\Program Files\nodejs\node.exe C:\Users\sulhk\AppData\Roaming\npm\node_modules\firebase-tools\lib\bin\firebase.js init hosting
[debug] [2021-08-21T21:23:41.249Z] CLI Version:   9.16.5
[debug] [2021-08-21T21:23:41.250Z] Platform:      win32
[debug] [2021-08-21T21:23:41.250Z] Node Version:  v14.16.0
[debug] [2021-08-21T21:23:41.256Z] Time:          Sun Aug 22 2021 00:23:41 GMT+0300 (Москва, стандартное время)
[debug] [2021-08-21T21:23:41.257Z] ----------------------------------------------------------------------
[debug] 
[debug] [2021-08-21T21:23:41.363Z] > command requires scopes: ["email","openid","https://www.googleapis.com/auth/cloudplatformprojects.readonly","https://www.googleapis.com/auth/firebase","https://www.googleapis.com/auth/cloud-platform"]
[debug] [2021-08-21T21:23:41.363Z] > authorizing via signed-in user (suliman.love@gmail.com)
[info] 
     ######## #### ########  ######## ########     ###     ######  ########
     ##        ##  ##     ## ##       ##     ##  ##   ##  ##       ##
     ######    ##  ########  ######   ########  #########  ######  ######
     ##        ##  ##    ##  ##       ##     ## ##     ##       ## ##
     ##       #### ##     ## ######## ########  ##     ##  ######  ########

You're about to initialize a Firebase project in this directory:

  D:\создание проекта\JSFREE-homeworks-main\day-2\New folder\JSFREE-homeworks-main\day-2\starting-template

Before we get started, keep in mind:

  * You are initializing within an existing Firebase project directory

[info] 
=== Project Setup
[info] 
[info] First, let's associate this project directory with a Firebase project.
[info] You can create multiple project aliases by running firebase use --add, 
[info] but for now we'll just set up a default project.
[info] 
[info] i  .firebaserc already has a default project, using marvel-fake-api. 
[debug] [2021-08-21T21:23:51.315Z] >>> [apiv2][query] GET https://firebase.googleapis.com/v1beta1/projects/marvel-fake-api [none]
[debug] [2021-08-21T21:23:51.656Z] <<< [apiv2][status] GET https://firebase.googleapis.com/v1beta1/projects/marvel-fake-api 403
[debug] [2021-08-21T21:23:51.656Z] <<< [apiv2][body] GET https://firebase.googleapis.com/v1beta1/projects/marvel-fake-api {"error":{"code":403,"message":"The caller does not have permission","status":"PERMISSION_DENIED"}}
[debug] [2021-08-21T21:23:51.657Z] HTTP Error: 403, The caller does not have permission
[debug] [2021-08-21T21:23:51.659Z] FirebaseError: HTTP Error: 403, The caller does not have permission
    at module.exports (C:\Users\sulhk\AppData\Roaming\npm\node_modules\firebase-tools\lib\responseToError.js:38:12)
    at Client.doRequest (C:\Users\sulhk\AppData\Roaming\npm\node_modules\firebase-tools\lib\apiv2.js:238:23)
    at processTicksAndRejections (internal/process/task_queues.js:93:5)
    at async Client.request (C:\Users\sulhk\AppData\Roaming\npm\node_modules\firebase-tools\lib\apiv2.js:96:20)
    at async Object.getFirebaseProject (C:\Users\sulhk\AppData\Roaming\npm\node_modules\firebase-tools\lib\management\projects.js:290:21)
    at async Object.doSetup [as project] (C:\Users\sulhk\AppData\Roaming\npm\node_modules\firebase-tools\lib\init\features\project.js:77:27)
    at async init (C:\Users\sulhk\AppData\Roaming\npm\node_modules\firebase-tools\lib\init\index.js:19:9)
[error] 
[error] Error: Failed to get Firebase project marvel-fake-api. Please make sure the project exists and your account has permission to access it.
